d:\1vsproject\player\ffmsdl\ffmsdl\x64\debug\vc141.pdb
d:\1vsproject\player\ffmsdl\ffmsdl\x64\debug\vc141.idb
d:\1vsproject\player\ffmsdl\ffmsdl\x64\debug\allheader.obj
d:\1vsproject\player\ffmsdl\ffmsdl\x64\debug\audiodecoder.obj
d:\1vsproject\player\ffmsdl\ffmsdl\x64\debug\decoder.obj
d:\1vsproject\player\ffmsdl\ffmsdl\x64\debug\frame.obj
d:\1vsproject\player\ffmsdl\ffmsdl\x64\debug\framequeue.obj
d:\1vsproject\player\ffmsdl\ffmsdl\x64\debug\log.obj
d:\1vsproject\player\ffmsdl\ffmsdl\x64\debug\main.obj
d:\1vsproject\player\ffmsdl\ffmsdl\x64\debug\packetqueue.obj
d:\1vsproject\player\ffmsdl\ffmsdl\x64\debug\player.obj
d:\1vsproject\player\ffmsdl\ffmsdl\x64\debug\stdafx.obj
d:\1vsproject\player\ffmsdl\ffmsdl\x64\debug\videodecoder.obj
d:\1vsproject\player\ffmsdl\ffmsdl\x64\debug\audioplayer.obj
d:\1vsproject\player\ffmsdl\ffmsdl\x64\debug\videoplayer.obj
d:\1vsproject\player\ffmsdl\x64\debug\ffmsdl.exe
d:\1vsproject\player\ffmsdl\x64\debug\ffmsdl.ilk
d:\1vsproject\player\ffmsdl\x64\debug\ffmsdl.pdb
d:\1vsproject\player\ffmsdl\ffmsdl\x64\debug\ffmsdl.tlog\cl.command.1.tlog
d:\1vsproject\player\ffmsdl\ffmsdl\x64\debug\ffmsdl.tlog\cl.read.1.tlog
d:\1vsproject\player\ffmsdl\ffmsdl\x64\debug\ffmsdl.tlog\cl.write.1.tlog
d:\1vsproject\player\ffmsdl\ffmsdl\x64\debug\ffmsdl.tlog\link.command.1.tlog
d:\1vsproject\player\ffmsdl\ffmsdl\x64\debug\ffmsdl.tlog\link.read.1.tlog
d:\1vsproject\player\ffmsdl\ffmsdl\x64\debug\ffmsdl.tlog\link.write.1.tlog
