  VideoPlayer.cpp
d:\1vsproject\player\ffmsdl\include\libavutil\rational.h : warning C4819: 该文件包含不能在当前代码页(936)中表示的字符。请将该文件保存为 Unicode 格式以防止数据丢失
d:\1vsproject\player\ffmsdl\ffmsdl\frame.h(7): warning C4244: “=”: 从“int64_t”转换到“double”，可能丢失数据
  VideoDecoder.cpp
d:\1vsproject\player\ffmsdl\include\libavutil\rational.h : warning C4819: 该文件包含不能在当前代码页(936)中表示的字符。请将该文件保存为 Unicode 格式以防止数据丢失
d:\1vsproject\player\ffmsdl\ffmsdl\frame.h(7): warning C4244: “=”: 从“int64_t”转换到“double”，可能丢失数据
  Player.cpp
d:\1vsproject\player\ffmsdl\include\libavutil\rational.h : warning C4819: 该文件包含不能在当前代码页(936)中表示的字符。请将该文件保存为 Unicode 格式以防止数据丢失
d:\1vsproject\player\ffmsdl\ffmsdl\frame.h(7): warning C4244: “=”: 从“int64_t”转换到“double”，可能丢失数据
d:\1vsproject\player\ffmsdl\ffmsdl\player.cpp(74): warning C4244: “参数”: 从“int64_t”转换到“double”，可能丢失数据
d:\1vsproject\player\ffmsdl\ffmsdl\player.cpp(102): warning C4996: 'AVFrame::pkt_pts': 被声明为已否决
  d:\1vsproject\player\ffmsdl\include\libavutil\frame.h(279): note: 参见“AVFrame::pkt_pts”的声明
d:\1vsproject\player\ffmsdl\ffmsdl\player.cpp(103): warning C4244: “参数”: 从“int64_t”转换到“double”，可能丢失数据
d:\1vsproject\player\ffmsdl\ffmsdl\player.cpp(226): warning C4018: “<”: 有符号/无符号不匹配
d:\1vsproject\player\ffmsdl\ffmsdl\player.cpp(343): warning C4018: “>=”: 有符号/无符号不匹配
d:\1vsproject\player\ffmsdl\ffmsdl\player.cpp(340): warning C4101: “sample_rate”: 未引用的局部变量
d:\1vsproject\player\ffmsdl\ffmsdl\player.cpp(341): warning C4101: “channel_layout”: 未引用的局部变量
d:\1vsproject\player\ffmsdl\ffmsdl\player.cpp(340): warning C4101: “nb_channels”: 未引用的局部变量
  PacketQueue.cpp
d:\1vsproject\player\ffmsdl\include\libavutil\rational.h : warning C4819: 该文件包含不能在当前代码页(936)中表示的字符。请将该文件保存为 Unicode 格式以防止数据丢失
d:\1vsproject\player\ffmsdl\ffmsdl\packetqueue.cpp(54): warning C4996: 'av_free_packet': 被声明为已否决
  d:\1vsproject\player\ffmsdl\include\libavcodec\avcodec.h(4558): note: 参见“av_free_packet”的声明
d:\1vsproject\player\ffmsdl\ffmsdl\packetqueue.cpp(87): warning C4996: 'av_free_packet': 被声明为已否决
  d:\1vsproject\player\ffmsdl\include\libavcodec\avcodec.h(4558): note: 参见“av_free_packet”的声明
  main.cpp
d:\1vsproject\player\ffmsdl\include\libavutil\rational.h : warning C4819: 该文件包含不能在当前代码页(936)中表示的字符。请将该文件保存为 Unicode 格式以防止数据丢失
d:\1vsproject\player\ffmsdl\ffmsdl\frame.h(7): warning C4244: “=”: 从“int64_t”转换到“double”，可能丢失数据
d:\1vsproject\player\ffmsdl\ffmsdl\main.cpp(55): warning C4007: “WinMain”: 必须是“__stdcall”
  log.cpp
d:\1vsproject\player\ffmsdl\ffmsdl\log.cpp(11): warning C4996: '_vsnprintf': This function or variable may be unsafe. Consider using _vsnprintf_s instead. To disable deprecation, use _CRT_SECURE_NO_WARNINGS. See online help for details.
  c:\program files (x86)\windows kits\10\include\10.0.16299.0\ucrt\stdio.h(1398): note: 参见“_vsnprintf”的声明
d:\1vsproject\player\ffmsdl\ffmsdl\log.cpp(21): warning C4996: 'fopen': This function or variable may be unsafe. Consider using fopen_s instead. To disable deprecation, use _CRT_SECURE_NO_WARNINGS. See online help for details.
  c:\program files (x86)\windows kits\10\include\10.0.16299.0\ucrt\stdio.h(207): note: 参见“fopen”的声明
d:\1vsproject\player\ffmsdl\ffmsdl\log.cpp(42): warning C4996: 'fopen': This function or variable may be unsafe. Consider using fopen_s instead. To disable deprecation, use _CRT_SECURE_NO_WARNINGS. See online help for details.
  c:\program files (x86)\windows kits\10\include\10.0.16299.0\ucrt\stdio.h(207): note: 参见“fopen”的声明
d:\1vsproject\player\ffmsdl\ffmsdl\log.cpp(48): warning C4996: 'fopen': This function or variable may be unsafe. Consider using fopen_s instead. To disable deprecation, use _CRT_SECURE_NO_WARNINGS. See online help for details.
  c:\program files (x86)\windows kits\10\include\10.0.16299.0\ucrt\stdio.h(207): note: 参见“fopen”的声明
  FrameQueue.cpp
d:\1vsproject\player\ffmsdl\include\libavutil\rational.h : warning C4819: 该文件包含不能在当前代码页(936)中表示的字符。请将该文件保存为 Unicode 格式以防止数据丢失
d:\1vsproject\player\ffmsdl\ffmsdl\frame.h(7): warning C4244: “=”: 从“int64_t”转换到“double”，可能丢失数据
  Frame.h
d:\1vsproject\player\ffmsdl\include\libavutil\rational.h : warning C4819: 该文件包含不能在当前代码页(936)中表示的字符。请将该文件保存为 Unicode 格式以防止数据丢失
d:\1vsproject\player\ffmsdl\ffmsdl\frame.h(7): warning C4244: “=”: 从“int64_t”转换到“double”，可能丢失数据
  Decoder.cpp
d:\1vsproject\player\ffmsdl\include\libavutil\rational.h : warning C4819: 该文件包含不能在当前代码页(936)中表示的字符。请将该文件保存为 Unicode 格式以防止数据丢失
d:\1vsproject\player\ffmsdl\ffmsdl\frame.h(7): warning C4244: “=”: 从“int64_t”转换到“double”，可能丢失数据
  AudioPlayer.cpp
d:\1vsproject\player\ffmsdl\include\libavutil\rational.h : warning C4819: 该文件包含不能在当前代码页(936)中表示的字符。请将该文件保存为 Unicode 格式以防止数据丢失
d:\1vsproject\player\ffmsdl\ffmsdl\frame.h(7): warning C4244: “=”: 从“int64_t”转换到“double”，可能丢失数据
d:\1vsproject\player\ffmsdl\ffmsdl\audioplayer.cpp(12): warning C4018: “>”: 有符号/无符号不匹配
  AudioDecoder.cpp
d:\1vsproject\player\ffmsdl\include\libavutil\rational.h : warning C4819: 该文件包含不能在当前代码页(936)中表示的字符。请将该文件保存为 Unicode 格式以防止数据丢失
d:\1vsproject\player\ffmsdl\ffmsdl\frame.h(7): warning C4244: “=”: 从“int64_t”转换到“double”，可能丢失数据
  AllHeader.cpp
d:\1vsproject\player\ffmsdl\include\libavutil\rational.h : warning C4819: 该文件包含不能在当前代码页(936)中表示的字符。请将该文件保存为 Unicode 格式以防止数据丢失
  正在生成代码...
d:\1vsproject\player\ffmsdl\ffmsdl\player.cpp(173): warning C4715: “Player::get_duration”: 不是所有的控件路径都返回值
AudioDecoder.obj : error LNK2019: 无法解析的外部符号 _av_frame_get_best_effort_timestamp，该符号在函数 "public: virtual int __thiscall AudioDecoder::decode_one_packet(void)" (?decode_one_packet@AudioDecoder@@UAEHXZ) 中被引用
Player.obj : error LNK2001: 无法解析的外部符号 _av_frame_get_best_effort_timestamp
VideoDecoder.obj : error LNK2001: 无法解析的外部符号 _av_frame_get_best_effort_timestamp
AudioDecoder.obj : error LNK2019: 无法解析的外部符号 _av_frame_alloc，该符号在函数 "public: virtual int __thiscall AudioDecoder::decode_one_packet(void)" (?decode_one_packet@AudioDecoder@@UAEHXZ) 中被引用
VideoDecoder.obj : error LNK2001: 无法解析的外部符号 _av_frame_alloc
VideoPlayer.obj : error LNK2001: 无法解析的外部符号 _av_frame_alloc
AudioDecoder.obj : error LNK2019: 无法解析的外部符号 _av_frame_free，该符号在函数 "public: virtual int __thiscall AudioDecoder::decode_one_packet(void)" (?decode_one_packet@AudioDecoder@@UAEHXZ) 中被引用
Player.obj : error LNK2001: 无法解析的外部符号 _av_frame_free
AudioDecoder.obj : error LNK2019: 无法解析的外部符号 _avcodec_send_packet，该符号在函数 "public: virtual int __thiscall AudioDecoder::decode_one_packet(void)" (?decode_one_packet@AudioDecoder@@UAEHXZ) 中被引用
VideoDecoder.obj : error LNK2001: 无法解析的外部符号 _avcodec_send_packet
AudioDecoder.obj : error LNK2019: 无法解析的外部符号 _avcodec_receive_frame，该符号在函数 "public: virtual int __thiscall AudioDecoder::decode_one_packet(void)" (?decode_one_packet@AudioDecoder@@UAEHXZ) 中被引用
VideoDecoder.obj : error LNK2001: 无法解析的外部符号 _avcodec_receive_frame
AudioPlayer.obj : error LNK2019: 无法解析的外部符号 _av_malloc，该符号在函数 "int __cdecl play_audio_sdl(void *)" (?play_audio_sdl@@YAHPAX@Z) 中被引用
PacketQueue.obj : error LNK2001: 无法解析的外部符号 _av_malloc
Player.obj : error LNK2001: 无法解析的外部符号 _av_malloc
VideoPlayer.obj : error LNK2001: 无法解析的外部符号 _av_malloc
AudioPlayer.obj : error LNK2019: 无法解析的外部符号 _av_samples_get_buffer_size，该符号在函数 "int __cdecl play_audio_sdl(void *)" (?play_audio_sdl@@YAHPAX@Z) 中被引用
Player.obj : error LNK2001: 无法解析的外部符号 _av_samples_get_buffer_size
AudioPlayer.obj : error LNK2019: 无法解析的外部符号 _SDL_memset，该符号在函数 "void __cdecl callback_audio(void *,unsigned char *,int)" (?callback_audio@@YAXPAXPAEH@Z) 中被引用
AudioPlayer.obj : error LNK2019: 无法解析的外部符号 _SDL_OpenAudio，该符号在函数 "int __cdecl play_audio_sdl(void *)" (?play_audio_sdl@@YAHPAX@Z) 中被引用
AudioPlayer.obj : error LNK2019: 无法解析的外部符号 _SDL_PauseAudio，该符号在函数 "int __cdecl play_audio_sdl(void *)" (?play_audio_sdl@@YAHPAX@Z) 中被引用
AudioPlayer.obj : error LNK2019: 无法解析的外部符号 _SDL_MixAudio，该符号在函数 "void __cdecl callback_audio(void *,unsigned char *,int)" (?callback_audio@@YAXPAXPAEH@Z) 中被引用
AudioPlayer.obj : error LNK2019: 无法解析的外部符号 _SDL_Delay，该符号在函数 "int __cdecl play_audio_sdl(void *)" (?play_audio_sdl@@YAHPAX@Z) 中被引用
main.obj : error LNK2019: 无法解析的外部符号 _SDL_GetError，该符号在函数 _WinMain@16 中被引用
main.obj : error LNK2019: 无法解析的外部符号 _SDL_CreateWindow，该符号在函数 _WinMain@16 中被引用
main.obj : error LNK2019: 无法解析的外部符号 _SDL_PollEvent，该符号在函数 "void __cdecl event_loop(void)" (?event_loop@@YAXXZ) 中被引用
main.obj : error LNK2019: 无法解析的外部符号 _SDL_CreateRenderer，该符号在函数 _WinMain@16 中被引用
main.obj : error LNK2019: 无法解析的外部符号 _SDL_CreateTexture，该符号在函数 _WinMain@16 中被引用
main.obj : error LNK2019: 无法解析的外部符号 _SDL_Init，该符号在函数 _WinMain@16 中被引用
PacketQueue.obj : error LNK2019: 无法解析的外部符号 _av_init_packet，该符号在函数 "public: int __thiscall PacketQueue::put_nullpacket(void)" (?put_nullpacket@PacketQueue@@QAEHXZ) 中被引用
PacketQueue.obj : error LNK2019: 无法解析的外部符号 _av_copy_packet，该符号在函数 "public: int __thiscall PacketQueue::get_packet(struct AVPacket *)" (?get_packet@PacketQueue@@QAEHPAUAVPacket@@@Z) 中被引用
PacketQueue.obj : error LNK2019: 无法解析的外部符号 _av_free_packet，该符号在函数 "public: void __thiscall PacketQueue::flush(void)" (?flush@PacketQueue@@QAEXXZ) 中被引用
PacketQueue.obj : error LNK2019: 无法解析的外部符号 _av_packet_unref，该符号在函数 "public: void __thiscall PacketQueue::flush(void)" (?flush@PacketQueue@@QAEXXZ) 中被引用
Player.obj : error LNK2001: 无法解析的外部符号 _av_packet_unref
Player.obj : error LNK2019: 无法解析的外部符号 _av_strdup，该符号在函数 "public: void __thiscall Player::init(class std::basic_string<char,struct std::char_traits<char>,class std::allocator<char> >)" (?init@Player@@QAEXV?$basic_string@DU?$char_traits@D@std@@V?$allocator@D@2@@std@@@Z) 中被引用
Player.obj : error LNK2019: 无法解析的外部符号 _av_log_set_flags，该符号在函数 "public: void __thiscall Player::init(class std::basic_string<char,struct std::char_traits<char>,class std::allocator<char> >)" (?init@Player@@QAEXV?$basic_string@DU?$char_traits@D@std@@V?$allocator@D@2@@std@@@Z) 中被引用
Player.obj : error LNK2019: 无法解析的外部符号 _av_get_default_channel_layout，该符号在函数 "private: int __thiscall Player::open_stream(int)" (?open_stream@Player@@AAEHH@Z) 中被引用
Player.obj : error LNK2019: 无法解析的外部符号 _av_frame_unref，该符号在函数 "public: bool __thiscall Player::get_aud_buffer(int &,unsigned char *)" (?get_aud_buffer@Player@@QAE_NAAHPAE@Z) 中被引用
Player.obj : error LNK2019: 无法解析的外部符号 _av_codec_set_pkt_timebase，该符号在函数 "private: int __thiscall Player::open_stream(int)" (?open_stream@Player@@AAEHH@Z) 中被引用
Player.obj : error LNK2019: 无法解析的外部符号 _avcodec_alloc_context3，该符号在函数 "private: int __thiscall Player::open_stream(int)" (?open_stream@Player@@AAEHH@Z) 中被引用
Player.obj : error LNK2019: 无法解析的外部符号 _avcodec_free_context，该符号在函数 "private: int __thiscall Player::open_stream(int)" (?open_stream@Player@@AAEHH@Z) 中被引用
Player.obj : error LNK2019: 无法解析的外部符号 _avcodec_parameters_to_context，该符号在函数 "private: int __thiscall Player::open_stream(int)" (?open_stream@Player@@AAEHH@Z) 中被引用
Player.obj : error LNK2019: 无法解析的外部符号 _avcodec_open2，该符号在函数 "private: int __thiscall Player::open_stream(int)" (?open_stream@Player@@AAEHH@Z) 中被引用
Player.obj : error LNK2019: 无法解析的外部符号 _avcodec_find_decoder，该符号在函数 "private: int __thiscall Player::open_stream(int)" (?open_stream@Player@@AAEHH@Z) 中被引用
Player.obj : error LNK2019: 无法解析的外部符号 _avio_feof，该符号在函数 "private: void __thiscall Player::read(void)" (?read@Player@@AAEXXZ) 中被引用
Player.obj : error LNK2019: 无法解析的外部符号 _av_register_all，该符号在函数 "public: void __thiscall Player::init(class std::basic_string<char,struct std::char_traits<char>,class std::allocator<char> >)" (?init@Player@@QAEXV?$basic_string@DU?$char_traits@D@std@@V?$allocator@D@2@@std@@@Z) 中被引用
Player.obj : error LNK2019: 无法解析的外部符号 _avformat_network_init，该符号在函数 "public: void __thiscall Player::init(class std::basic_string<char,struct std::char_traits<char>,class std::allocator<char> >)" (?init@Player@@QAEXV?$basic_string@DU?$char_traits@D@std@@V?$allocator@D@2@@std@@@Z) 中被引用
Player.obj : error LNK2019: 无法解析的外部符号 _avformat_alloc_context，该符号在函数 "private: void __thiscall Player::read(void)" (?read@Player@@AAEXXZ) 中被引用
Player.obj : error LNK2019: 无法解析的外部符号 _avformat_open_input，该符号在函数 "private: void __thiscall Player::read(void)" (?read@Player@@AAEXXZ) 中被引用
Player.obj : error LNK2019: 无法解析的外部符号 _avformat_find_stream_info，该符号在函数 "private: void __thiscall Player::read(void)" (?read@Player@@AAEXXZ) 中被引用
Player.obj : error LNK2019: 无法解析的外部符号 _av_read_frame，该符号在函数 "private: void __thiscall Player::read(void)" (?read@Player@@AAEXXZ) 中被引用
Player.obj : error LNK2019: 无法解析的外部符号 _av_seek_frame，该符号在函数 "private: void __thiscall Player::read(void)" (?read@Player@@AAEXXZ) 中被引用
Player.obj : error LNK2019: 无法解析的外部符号 _av_read_play，该符号在函数 "private: void __thiscall Player::read(void)" (?read@Player@@AAEXXZ) 中被引用
Player.obj : error LNK2019: 无法解析的外部符号 _av_read_pause，该符号在函数 "private: void __thiscall Player::read(void)" (?read@Player@@AAEXXZ) 中被引用
Player.obj : error LNK2019: 无法解析的外部符号 _avformat_close_input，该符号在函数 "public: void __thiscall Player::release(void)" (?release@Player@@QAEXXZ) 中被引用
Player.obj : error LNK2019: 无法解析的外部符号 _sws_getContext，该符号在函数 "private: int __thiscall Player::open_stream(int)" (?open_stream@Player@@AAEHH@Z) 中被引用
Player.obj : error LNK2019: 无法解析的外部符号 _sws_scale，该符号在函数 "public: bool __thiscall Player::get_img_frame(struct AVFrame *)" (?get_img_frame@Player@@QAE_NPAUAVFrame@@@Z) 中被引用
Player.obj : error LNK2019: 无法解析的外部符号 _swr_alloc，该符号在函数 "private: int __thiscall Player::open_stream(int)" (?open_stream@Player@@AAEHH@Z) 中被引用
Player.obj : error LNK2019: 无法解析的外部符号 _swr_init，该符号在函数 "private: int __thiscall Player::open_stream(int)" (?open_stream@Player@@AAEHH@Z) 中被引用
Player.obj : error LNK2019: 无法解析的外部符号 _swr_alloc_set_opts，该符号在函数 "private: int __thiscall Player::open_stream(int)" (?open_stream@Player@@AAEHH@Z) 中被引用
Player.obj : error LNK2019: 无法解析的外部符号 _swr_free，该符号在函数 "private: int __thiscall Player::open_stream(int)" (?open_stream@Player@@AAEHH@Z) 中被引用
Player.obj : error LNK2019: 无法解析的外部符号 _swr_convert，该符号在函数 "public: bool __thiscall Player::get_aud_buffer(int &,unsigned char *)" (?get_aud_buffer@Player@@QAE_NAAHPAE@Z) 中被引用
VideoPlayer.obj : error LNK2019: 无法解析的外部符号 _av_image_fill_arrays，该符号在函数 "int __cdecl show_frame_sdl(void *)" (?show_frame_sdl@@YAHPAX@Z) 中被引用
VideoPlayer.obj : error LNK2019: 无法解析的外部符号 _av_image_get_buffer_size，该符号在函数 "int __cdecl show_frame_sdl(void *)" (?show_frame_sdl@@YAHPAX@Z) 中被引用
VideoPlayer.obj : error LNK2019: 无法解析的外部符号 _SDL_UpdateTexture，该符号在函数 "int __cdecl show_frame_sdl(void *)" (?show_frame_sdl@@YAHPAX@Z) 中被引用
VideoPlayer.obj : error LNK2019: 无法解析的外部符号 _SDL_RenderClear，该符号在函数 "int __cdecl show_frame_sdl(void *)" (?show_frame_sdl@@YAHPAX@Z) 中被引用
VideoPlayer.obj : error LNK2019: 无法解析的外部符号 _SDL_RenderCopy，该符号在函数 "int __cdecl show_frame_sdl(void *)" (?show_frame_sdl@@YAHPAX@Z) 中被引用
VideoPlayer.obj : error LNK2019: 无法解析的外部符号 _SDL_RenderPresent，该符号在函数 "int __cdecl show_frame_sdl(void *)" (?show_frame_sdl@@YAHPAX@Z) 中被引用
D:\1VSProject\Player\FFMSDL\Debug\FFMSDL.exe : fatal error LNK1120: 56 个无法解析的外部命令
